<?xml version="1.0" encoding="UTF-8"?>
<testng-results ignored="0" total="1" passed="1" failed="0" skipped="0">
  <reporter-output>
    <line>
      <![CDATA[Starting Test]]>
    </line>
  </reporter-output>
  <suite started-at="2026-01-30T22:42:52 IST" name="Default suite" finished-at="2026-01-30T22:42:54 IST" duration-ms="1627">
    <groups>
    </groups>
    <test started-at="2026-01-30T22:42:52 IST" name="Default test" finished-at="2026-01-30T22:42:54 IST" duration-ms="1627">
      <class name="com.WebTests.D03ReadingFromExcel">
        <test-method is-config="true" signature="beforeClass()[pri:0, instance:com.WebTests.D03ReadingFromExcel@3c41ed1d]" started-at="2026-01-30T22:42:52 IST" name="beforeClass" finished-at="2026-01-30T22:42:54 IST" duration-ms="1496" status="PASS">
          <reporter-output>
          </reporter-output>
        </test-method> <!-- beforeClass -->
        <test-method signature="readFromExcel()[pri:0, instance:com.WebTests.D03ReadingFromExcel@3c41ed1d]" started-at="2026-01-30T22:42:54 IST" name="readFromExcel" finished-at="2026-01-30T22:42:54 IST" duration-ms="53" status="PASS">
          <reporter-output>
            <line>
              <![CDATA[Starting Test]]>
            </line>
          </reporter-output>
        </test-method> <!-- readFromExcel -->
        <test-method is-config="true" signature="afterClass()[pri:0, instance:com.WebTests.D03ReadingFromExcel@3c41ed1d]" started-at="2026-01-30T22:42:54 IST" name="afterClass" finished-at="2026-01-30T22:42:54 IST" duration-ms="4" status="PASS">
          <reporter-output>
          </reporter-output>
        </test-method> <!-- afterClass -->
      </class> <!-- com.WebTests.D03ReadingFromExcel -->
    </test> <!-- Default test -->
  </suite> <!-- Default suite -->
</testng-results>
