<?xml version="1.0" encoding="UTF-8"?>
<!-- Generated by org.testng.reporters.JUnitXMLReporter -->
<testsuite ignored="0" hostname="DESKTOP-G8O6OG0" failures="0" tests="6" name="Default test" time="43.67" errors="0" timestamp="2026-02-05T21:51:06 IST">
  <testcase classname="com.TestNGDemos.D15LoginToOHRM_DDF" name="login" time="3.206"/>
  <testcase classname="com.TestNGDemos.D15LoginToOHRM_DDF" name="login" time="0.204"/>
  <testcase classname="com.TestNGDemos.D15LoginToOHRM_DDF" name="login" time="4.333"/>
  <testcase classname="com.TestNGDemos.D15LoginToOHRM_DDF" name="login" time="2.314"/>
  <testcase classname="com.TestNGDemos.D15LoginToOHRM_DDF" name="login" time="1.914"/>
  <testcase classname="com.TestNGDemos.D15LoginToOHRM_DDF" name="login" time="3.635"/>
</testsuite> <!-- Default test -->
