<?xml version="1.0" encoding="UTF-8"?>
<!-- Generated by org.testng.reporters.JUnitXMLReporter -->
<testsuite ignored="0" hostname="DESKTOP-G8O6OG0" failures="0" tests="6" name="Default test" time="119.28" errors="0" timestamp="2026-01-29T21:22:32 IST">
  <testcase classname="com.TestNGDemos.D15LoginToOHRM_DDF" name="login" time="4.985"/>
  <testcase classname="com.TestNGDemos.D15LoginToOHRM_DDF" name="login" time="0.238"/>
  <testcase classname="com.TestNGDemos.D15LoginToOHRM_DDF" name="login" time="15.479"/>
  <testcase classname="com.TestNGDemos.D15LoginToOHRM_DDF" name="login" time="6.228"/>
  <testcase classname="com.TestNGDemos.D15LoginToOHRM_DDF" name="login" time="2.416"/>
  <testcase classname="com.TestNGDemos.D15LoginToOHRM_DDF" name="login" time="2.494"/>
</testsuite> <!-- Default test -->
