<?xml version="1.0" encoding="UTF-8"?>
<!-- Generated by org.testng.reporters.JUnitXMLReporter -->
<testsuite ignored="1" hostname="DESKTOP-G8O6OG0" failures="0" tests="3" name="Skip Single Test" time="8.364" errors="0" timestamp="2026-01-22T21:37:36 IST">
  <testcase classname="com.TestNGDemos.D05SeleniumLinks" name="downloadsLink" time="0.92"/>
  <testcase classname="com.TestNGDemos.D05SeleniumLinks" name="documentationLink" time="0.868"/>
  <testcase classname="com.TestNGDemos.D05SeleniumLinks" name="projectsLink" time="1.105"/>
  <testcase classname="com.TestNGDemos.D05SeleniumLinks" name="supportLink" time="0.0">
    <ignored/>
  </testcase> <!-- supportLink -->
</testsuite> <!-- Skip Single Test -->
