<?xml version="1.0" encoding="UTF-8"?>
<!-- Generated by org.testng.reporters.JUnitReportReporter -->
<testsuite hostname="DESKTOP-G8O6OG0" failures="0" tests="5" name="com.WebTests.D09InvocationCountDemo" time="0.026" errors="0" timestamp="2026-02-05T21:27:29 IST" skipped="0">
  <testcase classname="com.WebTests.D09InvocationCountDemo" name="test" time="0.002"/>
  <testcase classname="com.WebTests.D09InvocationCountDemo" name="test" time="0.002"/>
  <testcase classname="com.WebTests.D09InvocationCountDemo" name="test" time="0.005"/>
  <testcase classname="com.WebTests.D09InvocationCountDemo" name="test" time="0.015"/>
  <testcase classname="com.WebTests.D09InvocationCountDemo" name="test" time="0.002"/>
</testsuite> <!-- com.WebTests.D09InvocationCountDemo -->
