<?xml version="1.0" encoding="UTF-8"?>
<!-- Generated by org.testng.reporters.JUnitReportReporter -->
<testsuite hostname="DESKTOP-G8O6OG0" failures="0" tests="1" name="com.WebTests.D10ReporterLog" time="0.029" errors="0" timestamp="2026-02-05T21:29:57 IST" skipped="0">
  <testcase classname="com.WebTests.D10ReporterLog" name="test" time="0.029">
    <system-out>
      <![CDATA[This is My Test]]>
    </system-out>
  </testcase> <!-- test -->
  <system-out>
    <![CDATA[This is My Test]]>
  </system-out>
</testsuite> <!-- com.WebTests.D10ReporterLog -->
