<?xml version="1.0" encoding="UTF-8"?>
<!-- Generated by org.testng.reporters.JUnitReportReporter -->
<testsuite hostname="DESKTOP-G8O6OG0" failures="0" tests="1" name="com.WebTests.D03ReadingFromExcel" time="0.053" errors="0" timestamp="2026-01-30T22:42:55 IST" skipped="0">
  <testcase classname="com.WebTests.D03ReadingFromExcel" name="readFromExcel" time="0.053">
    <system-out>
      <![CDATA[Starting Test]]>
    </system-out>
  </testcase> <!-- readFromExcel -->
  <system-out>
    <![CDATA[Starting Test]]>
  </system-out>
</testsuite> <!-- com.WebTests.D03ReadingFromExcel -->
