<?xml version="1.0" encoding="UTF-8"?>
<testng-results ignored="1" total="2" passed="1" failed="0" skipped="0">
  <reporter-output>
  </reporter-output>
  <suite started-at="2026-01-27T22:23:36 IST" name="Default suite" finished-at="2026-01-27T22:23:37 IST" duration-ms="1523">
    <groups>
    </groups>
    <test started-at="2026-01-27T22:23:36 IST" name="Default test" finished-at="2026-01-27T22:23:37 IST" duration-ms="1523">
      <class name="com.TestNGDemos.D13ReadTheDataFromExcel">
        <test-method is-config="true" signature="beforeTest()[pri:0, instance:com.TestNGDemos.D13ReadTheDataFromExcel@3fc2959f]" started-at="2026-01-27T22:23:36 IST" name="beforeTest" finished-at="2026-01-27T22:23:37 IST" duration-ms="1419" status="PASS">
          <reporter-output>
          </reporter-output>
        </test-method> <!-- beforeTest -->
        <test-method signature="readAllData()[pri:0, instance:com.TestNGDemos.D13ReadTheDataFromExcel@3fc2959f]" started-at="2026-01-27T22:23:37 IST" name="readAllData" finished-at="2026-01-27T22:23:37 IST" duration-ms="32" status="PASS">
          <reporter-output>
          </reporter-output>
        </test-method> <!-- readAllData -->
        <test-method is-config="true" signature="afterTest()[pri:0, instance:com.TestNGDemos.D13ReadTheDataFromExcel@3fc2959f]" started-at="2026-01-27T22:23:37 IST" name="afterTest" finished-at="2026-01-27T22:23:37 IST" duration-ms="2" status="PASS">
          <reporter-output>
          </reporter-output>
        </test-method> <!-- afterTest -->
      </class> <!-- com.TestNGDemos.D13ReadTheDataFromExcel -->
    </test> <!-- Default test -->
  </suite> <!-- Default suite -->
</testng-results>
