<?xml version="1.0" encoding="UTF-8"?>
<!-- Generated by org.testng.reporters.JUnitXMLReporter -->
<testsuite ignored="2" hostname="DESKTOP-G8O6OG0" failures="0" tests="2" name="Execute Group" time="6.746" errors="0" timestamp="2026-01-22T21:57:36 IST">
  <testcase classname="com.TestNGDemos.D05SeleniumLinks" name="projectsLink" time="1.199"/>
  <testcase classname="com.TestNGDemos.D05SeleniumLinks" name="supportLink" time="0.864"/>
  <testcase classname="com.TestNGDemos.D05SeleniumLinks" name="documentationLink" time="0.0">
    <ignored/>
  </testcase> <!-- documentationLink -->
  <testcase classname="com.TestNGDemos.D05SeleniumLinks" name="downloadsLink" time="0.0">
    <ignored/>
  </testcase> <!-- downloadsLink -->
</testsuite> <!-- Execute Group -->
