<?xml version="1.0" encoding="UTF-8"?>
<!-- Generated by org.testng.reporters.JUnitXMLReporter -->
<testsuite ignored="3" hostname="DESKTOP-G8O6OG0" failures="0" tests="1" name="Execute Single Test" time="5.531" errors="0" timestamp="2026-01-22T21:31:10 IST">
  <testcase classname="com.TestNGDemos.D05SeleniumLinks" name="downloadsLink" time="0.892"/>
  <testcase classname="com.TestNGDemos.D05SeleniumLinks" name="documentationLink" time="0.0">
    <ignored/>
  </testcase> <!-- documentationLink -->
  <testcase classname="com.TestNGDemos.D05SeleniumLinks" name="projectsLink" time="0.0">
    <ignored/>
  </testcase> <!-- projectsLink -->
  <testcase classname="com.TestNGDemos.D05SeleniumLinks" name="supportLink" time="0.0">
    <ignored/>
  </testcase> <!-- supportLink -->
</testsuite> <!-- Execute Single Test -->
