<?xml version="1.0" encoding="UTF-8"?>
<!-- Generated by org.testng.reporters.JUnitXMLReporter -->
<testsuite ignored="0" hostname="DESKTOP-G8O6OG0" failures="2" tests="8" name="Execute Class" time="34.946" errors="0" timestamp="2026-01-22T21:42:01 IST">
  <testcase classname="com.TestNGDemos.D05SeleniumLinks" name="downloadsLink" time="0.778"/>
  <testcase classname="com.TestNGDemos.D05SeleniumLinks" name="documentationLink" time="0.844"/>
  <testcase classname="com.TestNGDemos.D05SeleniumLinks" name="projectsLink" time="0.589"/>
  <testcase classname="com.TestNGDemos.D05SeleniumLinks" name="supportLink" time="0.593"/>
  <testcase classname="com.TestNGDemos.D07AssertionDemo" name="login" time="3.243"/>
  <testcase classname="com.TestNGDemos.D07AssertionDemo" name="login" time="1.937">
    <failure type="java.lang.AssertionError" message="Invalid credentials expected [https://opensource-demo.orangehrmlive.com/web/index.php/dashboard/index] but found [https://opensource-demo.orangehrmlive.com/web/index.php/auth/login]">
      <![CDATA[java.lang.AssertionError: Invalid credentials expected [https://opensource-demo.orangehrmlive.com/web/index.php/dashboard/index] but found [https://opensource-demo.orangehrmlive.com/web/index.php/auth/login]
at com.TestNGDemos.D07AssertionDemo.login(D07AssertionDemo.java:29)
at java.base/java.util.ArrayList.forEach(ArrayList.java:1511)
... Removed 32 stack frames]]>
    </failure>
  </testcase> <!-- login -->
  <testcase classname="com.TestNGDemos.D07AssertionDemo" name="login" time="2.135">
    <failure type="java.lang.AssertionError" message="Invalid credentials expected [https://opensource-demo.orangehrmlive.com/web/index.php/dashboard/index] but found [https://opensource-demo.orangehrmlive.com/web/index.php/auth/login]">
      <![CDATA[java.lang.AssertionError: Invalid credentials expected [https://opensource-demo.orangehrmlive.com/web/index.php/dashboard/index] but found [https://opensource-demo.orangehrmlive.com/web/index.php/auth/login]
at com.TestNGDemos.D07AssertionDemo.login(D07AssertionDemo.java:29)
at java.base/java.util.ArrayList.forEach(ArrayList.java:1511)
... Removed 32 stack frames]]>
    </failure>
  </testcase> <!-- login -->
  <testcase classname="com.TestNGDemos.D07AssertionDemo" name="login" time="2.265"/>
</testsuite> <!-- Execute Class -->
