<?xml version="1.0" encoding="UTF-8"?>
<!-- Generated by org.testng.reporters.JUnitXMLReporter -->
<testsuite ignored="2" hostname="DESKTOP-G8O6OG0" failures="0" tests="2" name="Skip Group" time="7.118" errors="0" timestamp="2026-01-22T21:58:34 IST">
  <testcase classname="com.TestNGDemos.D05SeleniumLinks" name="downloadsLink" time="1.09"/>
  <testcase classname="com.TestNGDemos.D05SeleniumLinks" name="documentationLink" time="1.018"/>
  <testcase classname="com.TestNGDemos.D05SeleniumLinks" name="projectsLink" time="0.0">
    <ignored/>
  </testcase> <!-- projectsLink -->
  <testcase classname="com.TestNGDemos.D05SeleniumLinks" name="supportLink" time="0.0">
    <ignored/>
  </testcase> <!-- supportLink -->
</testsuite> <!-- Skip Group -->
