<?xml version="1.0" encoding="UTF-8"?>
<!-- Generated by org.testng.reporters.JUnitReportReporter -->
<testsuite hostname="DESKTOP-G8O6OG0" failures="0" tests="2" name="com.TestNGDemos.D13ReadTheDataFromExcel" time="0.032" errors="0" timestamp="2026-01-27T22:23:38 IST" skipped="1">
  <testcase classname="com.TestNGDemos.D13ReadTheDataFromExcel" name="readAllData" time="0.032"/>
  <testcase classname="com.TestNGDemos.D13ReadTheDataFromExcel" name="readData">
    <skipped/>
  </testcase> <!-- readData -->
</testsuite> <!-- com.TestNGDemos.D13ReadTheDataFromExcel -->
