<?xml version="1.0" encoding="UTF-8"?>
<!-- Generated by org.testng.reporters.JUnitReportReporter -->
<testsuite hostname="DESKTOP-G8O6OG0" failures="0" tests="4" name="com.TestNGDemos.D02TestSearchEngines" time="88.428" errors="0" timestamp="2026-01-20T20:49:51 IST" skipped="0">
  <testcase classname="com.TestNGDemos.D02TestSearchEngines" name="testRediff" time="31.167"/>
  <testcase classname="com.TestNGDemos.D02TestSearchEngines" name="testBing" time="3.662"/>
  <testcase classname="com.TestNGDemos.D02TestSearchEngines" name="testYahoo" time="48.495"/>
  <testcase classname="com.TestNGDemos.D02TestSearchEngines" name="testGoogle" time="5.104"/>
</testsuite> <!-- com.TestNGDemos.D02TestSearchEngines -->
