<?xml version="1.0" encoding="UTF-8"?>
<!-- Generated by org.testng.reporters.JUnitReportReporter -->
<testsuite hostname="DESKTOP-G8O6OG0" failures="0" tests="2" name="com.TestNGDemos.D05SeleniumLinks" time="3.344" errors="0" timestamp="2026-01-22T21:58:35 IST" skipped="0">
  <testcase classname="com.TestNGDemos.D05SeleniumLinks" name="downloadsLink" time="2.087"/>
  <testcase classname="com.TestNGDemos.D05SeleniumLinks" name="documentationLink" time="1.257"/>
</testsuite> <!-- com.TestNGDemos.D05SeleniumLinks -->
