<?xml version="1.0" encoding="UTF-8"?>
<!-- Generated by org.testng.reporters.JUnitReportReporter -->
<testsuite hostname="DESKTOP-G8O6OG0" failures="0" tests="4" name="com.TestNGDemos.D04BeforeMethod_AfterMethod" time="16.770" errors="0" timestamp="2026-01-20T21:33:53 IST" skipped="0">
  <testcase classname="com.TestNGDemos.D04BeforeMethod_AfterMethod" name="testAsk" time="2.318"/>
  <testcase classname="com.TestNGDemos.D04BeforeMethod_AfterMethod" name="testBing" time="0.512"/>
  <testcase classname="com.TestNGDemos.D04BeforeMethod_AfterMethod" name="testMSN" time="12.036"/>
  <testcase classname="com.TestNGDemos.D04BeforeMethod_AfterMethod" name="testGoogle" time="1.904"/>
</testsuite> <!-- com.TestNGDemos.D04BeforeMethod_AfterMethod -->
