<?xml version="1.0" encoding="UTF-8"?>
<!-- Generated by org.testng.reporters.JUnitReportReporter -->
<testsuite hostname="DESKTOP-G8O6OG0" failures="0" tests="4" name="com.TestNGDemos.D03BeforeTest_AfterTest" time="106.804" errors="0" timestamp="2026-01-20T21:19:55 IST" skipped="0">
  <testcase classname="com.TestNGDemos.D03BeforeTest_AfterTest" name="testRediff" time="28.286"/>
  <testcase classname="com.TestNGDemos.D03BeforeTest_AfterTest" name="testBing" time="0.912"/>
  <testcase classname="com.TestNGDemos.D03BeforeTest_AfterTest" name="testYahoo" time="75.861"/>
  <testcase classname="com.TestNGDemos.D03BeforeTest_AfterTest" name="testGoogle" time="1.745"/>
</testsuite> <!-- com.TestNGDemos.D03BeforeTest_AfterTest -->
