<?xml version="1.0" encoding="UTF-8"?>
<!-- Generated by org.testng.reporters.JUnitReportReporter -->
<testsuite hostname="DESKTOP-G8O6OG0" failures="0" tests="6" name="com.TestNGDemos.D15LoginToOHRM_DDF" time="102.550" errors="0" timestamp="2026-01-29T21:22:32 IST" skipped="0">
  <testcase classname="com.TestNGDemos.D15LoginToOHRM_DDF" name="login" time="31.576"/>
  <testcase classname="com.TestNGDemos.D15LoginToOHRM_DDF" name="login" time="8.019"/>
  <testcase classname="com.TestNGDemos.D15LoginToOHRM_DDF" name="login" time="2.726"/>
  <testcase classname="com.TestNGDemos.D15LoginToOHRM_DDF" name="login" time="17.791"/>
  <testcase classname="com.TestNGDemos.D15LoginToOHRM_DDF" name="login" time="28.390"/>
  <testcase classname="com.TestNGDemos.D15LoginToOHRM_DDF" name="login" time="14.048"/>
</testsuite> <!-- com.TestNGDemos.D15LoginToOHRM_DDF -->
