<?xml version="1.0" encoding="UTF-8"?>
<!-- Generated by org.testng.reporters.JUnitReportReporter -->
<testsuite hostname="DESKTOP-G8O6OG0" failures="0" tests="6" name="com.TestNGDemos.D15LoginToOHRM_DDF" time="33.698" errors="0" timestamp="2026-02-05T21:51:07 IST" skipped="0">
  <testcase classname="com.TestNGDemos.D15LoginToOHRM_DDF" name="login" time="10.669"/>
  <testcase classname="com.TestNGDemos.D15LoginToOHRM_DDF" name="login" time="5.582"/>
  <testcase classname="com.TestNGDemos.D15LoginToOHRM_DDF" name="login" time="3.777"/>
  <testcase classname="com.TestNGDemos.D15LoginToOHRM_DDF" name="login" time="9.588"/>
  <testcase classname="com.TestNGDemos.D15LoginToOHRM_DDF" name="login" time="2.898"/>
  <testcase classname="com.TestNGDemos.D15LoginToOHRM_DDF" name="login" time="1.184"/>
</testsuite> <!-- com.TestNGDemos.D15LoginToOHRM_DDF -->
