<?xml version="1.0" encoding="UTF-8"?>
<!-- Generated by org.testng.reporters.JUnitReportReporter -->
<testsuite hostname="DESKTOP-G8O6OG0" failures="0" tests="6" name="com.TestNGDemos.D14CreateLoginFile" time="0.181" errors="0" timestamp="2026-01-29T20:26:30 IST" skipped="0">
  <testcase classname="com.TestNGDemos.D14CreateLoginFile" name="writeToFile" time="0.007"/>
  <testcase classname="com.TestNGDemos.D14CreateLoginFile" name="writeToFile" time="0.026"/>
  <testcase classname="com.TestNGDemos.D14CreateLoginFile" name="writeToFile" time="0.010"/>
  <testcase classname="com.TestNGDemos.D14CreateLoginFile" name="writeToFile" time="0.016"/>
  <testcase classname="com.TestNGDemos.D14CreateLoginFile" name="writeToFile" time="0.106"/>
  <testcase classname="com.TestNGDemos.D14CreateLoginFile" name="writeToFile" time="0.016"/>
</testsuite> <!-- com.TestNGDemos.D14CreateLoginFile -->
