<?xml version="1.0" encoding="UTF-8"?>
<!-- Generated by org.testng.reporters.JUnitReportReporter -->
<testsuite hostname="DESKTOP-G8O6OG0" failures="0" tests="4" name="com.TestNGDemos.D06DataDrivenTesting" time="0.035" errors="0" timestamp="2026-01-20T22:20:21 IST" skipped="0">
  <testcase classname="com.TestNGDemos.D06DataDrivenTesting" name="login" time="0.007"/>
  <testcase classname="com.TestNGDemos.D06DataDrivenTesting" name="login" time="0.004"/>
  <testcase classname="com.TestNGDemos.D06DataDrivenTesting" name="login" time="0.009"/>
  <testcase classname="com.TestNGDemos.D06DataDrivenTesting" name="login" time="0.015"/>
</testsuite> <!-- com.TestNGDemos.D06DataDrivenTesting -->
