<?xml version="1.0" encoding="UTF-8"?>
<!-- Generated by org.testng.reporters.JUnitReportReporter -->
<testsuite hostname="DESKTOP-G8O6OG0" failures="0" tests="3" name="com.Assignments.OHRM_LoginLogout" time="17.247" errors="0" timestamp="2026-01-20T22:01:33 IST" skipped="0">
  <testcase classname="com.Assignments.OHRM_LoginLogout" name="login2" time="9.397"/>
  <testcase classname="com.Assignments.OHRM_LoginLogout" name="login1" time="2.810"/>
  <testcase classname="com.Assignments.OHRM_LoginLogout" name="login3" time="5.040"/>
</testsuite> <!-- com.Assignments.OHRM_LoginLogout -->
